<?xml version="1.0" encoding="UTF-8"?>
<!-- Generated by org.testng.reporters.JUnitXMLReporter -->
<testsuite hostname="Naveens-MBP-e50e" ignored="0" name="Default test" tests="3" failures="0" timestamp="2020-03-01T16:44:39 IST" time="0.039" errors="0">
  <testcase name="f" time="0.009" classname="com.statestreet.day2.NewTest"/>
  <testcase name="f1" time="0.001" classname="com.statestreet.day2.NewTest"/>
  <testcase name="f2" time="0.001" classname="com.statestreet.day2.NewTest"/>
</testsuite> <!-- Default test -->
